<?xml version="1.0" encoding="UTF-8" standalone="no"?><testsuite errors="1" failures="0" name="com.sparta.simpletests.SwagLabsSerenityTests" skipped="0" tests="1" time="12.47" timestamp="2025-11-11 12:26:49"><testcase classname="com.sparta.simpletests.SwagLabsSerenityTests" name="Add backpack and verify landing on checkout step one page"><error message="Expected condition failed: waiting for element to be clickable: By.id: checkout (tried for 10 second(s) with 500 milliseconds interval)&#10;Build info: version: '4.10.0', revision: 'c14d967899'&#10;System info: os.name: 'Mac OS X', os.arch: 'aarch64', os.version: '14.6.1', java.version: '21.0.8'&#10;Driver info: net.thucydides.core.webdriver.DevToolsWebDriverFacade" type="org.openqa.selenium.TimeoutException">Expected condition failed: waiting for element to be clickable: By.id: checkout (tried for 10 second(s) with 500 milliseconds interval)
Build info: version: '4.10.0', revision: 'c14d967899'
System info: os.name: 'Mac OS X', os.arch: 'aarch64', os.version: '14.6.1', java.version: '21.0.8'
Driver info: net.thucydides.core.webdriver.DevToolsWebDriverFacade</error><system-err>Expected condition failed: waiting for element to be clickable: By.id: checkout (tried for 10 second(s) with 500 milliseconds interval)
Build info: version: '4.10.0', revision: 'c14d967899'
System info: os.name: 'Mac OS X', os.arch: 'aarch64', os.version: '14.6.1', java.version: '21.0.8'
Driver info: net.thucydides.core.webdriver.DevToolsWebDriverFacade
com.sparta.simpletests.SwagLabsSerenityTests.checkoutStepOnePage(SwagLabsSerenityTests.java:300)
</system-err></testcase></testsuite>